[themewagon.github.io/insure/index.html]
[backblue.gif]
[fade.gif]
[index.html]
[themewagon.github.io/insure/img/favicon.ico]
[cdnjs.cloudflare.com/ajax/libs/font-awesome/5.10.0/css/all.min.css]
[cdn.jsdelivr.net/npm/bootstrap-icons@1.4.1/font/bootstrap-icons.css]
[themewagon.github.io/insure/lib/animate/animate.min.css]
[themewagon.github.io/insure/lib/owlcarousel/assets/owl.carousel.min.css]
[themewagon.github.io/insure/css/style.css]
[themewagon.github.io/insure/css/bootstrap.min.css]
[themewagon.github.io/insure/index-2.html]
[themewagon.github.io/insure/img/icon/icon-02-primary.png]
[themewagon.github.io/insure/about.html]
[themewagon.github.io/insure/service.html]
[themewagon.github.io/insure/feature.html]
[themewagon.github.io/insure/appointment.html]
[themewagon.github.io/insure/team.html]
[themewagon.github.io/insure/testimonial.html]
[themewagon.github.io/insure/404.html]
[themewagon.github.io/insure/contact.html]
[themewagon.github.io/insure/img/carousel-1.jpg]
[themewagon.github.io/insure/img/carousel-2.jpg]
[themewagon.github.io/insure/img/about.jpg]
[themewagon.github.io/insure/img/icon/icon-04-primary.png]
[themewagon.github.io/insure/img/icon/icon-03-primary.png]
[themewagon.github.io/insure/img/profile.jpg]
[themewagon.github.io/insure/img/icon/icon-06-primary.png]
[themewagon.github.io/insure/img/icon/icon-07-primary.png]
[themewagon.github.io/insure/img/feature.jpg]
[themewagon.github.io/insure/img/icon/icon-10-light.png]
[themewagon.github.io/insure/img/icon/icon-01-light.png]
[themewagon.github.io/insure/img/icon/icon-05-light.png]
[themewagon.github.io/insure/img/icon/icon-08-light.png]
[themewagon.github.io/insure/img/icon/icon-07-light.png]
[themewagon.github.io/insure/img/icon/icon-06-light.png]
[themewagon.github.io/insure/img/team-1.jpg]
[themewagon.github.io/insure/img/team-2.jpg]
[themewagon.github.io/insure/img/team-3.jpg]
[themewagon.github.io/insure/img/team-4.jpg]
[themewagon.github.io/insure/img/testimonial-1.jpg]
[themewagon.github.io/insure/img/testimonial-2.jpg]
[themewagon.github.io/insure/img/testimonial-3.jpg]
[themewagon.github.io/insure/img/icon/icon-02-light.png]
[code.jquery.com/jquery-3.4.1.min.js]
[cdn.jsdelivr.net/npm/bootstrap@5.0.0/dist/js/bootstrap.bundle.min.js]
[themewagon.github.io/insure/lib/wow/wow.min.js]
[themewagon.github.io/insure/lib/easing/easing.min.js]
[themewagon.github.io/insure/lib/waypoints/waypoints.min.js]
[themewagon.github.io/insure/lib/owlcarousel/owl.carousel.min.js]
[themewagon.github.io/insure/lib/counterup/counterup.min.js]
[themewagon.github.io/insure/js/main.js]
[themewagon.github.io/insure/index.html]
[themewagon.github.io/insure/img/favicon.html]
[cdnjs.cloudflare.com/ajax/libs/font-awesome/5.10.0/css/all.min.css]
[cdn.jsdelivr.net/npm/bootstrap-icons@1.4.1/font/fonts/bootstrap-iconsfb95.woff2]
[cdn.jsdelivr.net/npm/bootstrap-icons@1.4.1/font/fonts/bootstrap-iconsfb95.woff]
[cdn.jsdelivr.net/npm/bootstrap-icons@1.4.1/font/bootstrap-icons.css]
[themewagon.github.io/insure/lib/animate/animate.min.css]
[themewagon.github.io/insure/lib/owlcarousel/assets/owl.video.play.png]
[themewagon.github.io/insure/lib/owlcarousel/assets/owl.carousel.min.css]
[themewagon.github.io/insure/css/bootstrap.min.css]
[themewagon.github.io/insure/css/style.css]
[themewagon.github.io/insure/index-2.html]
[themewagon.github.io/insure/about.html]
[themewagon.github.io/insure/service.html]
[themewagon.github.io/insure/feature.html]
[themewagon.github.io/insure/appointment.html]
[themewagon.github.io/insure/team.html]
[themewagon.github.io/insure/testimonial.html]
[themewagon.github.io/insure/404.html]
[themewagon.github.io/insure/contact.html]
